Using pre-set license
Built from '2020.2/release' branch; Version is '2020.2.2f1 (068178b99f32) revision 426360'; Using compiler version '192528614'; Build Type 'Release'
OS: 'Windows 10 Pro; OS build 19044.2006; Version 2009; 64bit' Language: 'en' Physical Memory: 32713 MB
BatchMode: 1, IsHumanControllingUs: 0, StartBugReporterOnCrash: 0, Is64bit: 1, IsPro: 0

 COMMAND LINE ARGUMENTS:
C:\Program Files\Unity\Hub\Editor\2020.2.2f1\Editor\Unity.exe
-adb2
-batchMode
-noUpm
-name
AssetImportWorker0
-projectPath
C:/Users/dayna/Documents/Projects/Santorini/Santorini
-logFile
Logs/AssetImportWorker0.log
-srvPort
53816
Successfully changed project path to: C:/Users/dayna/Documents/Projects/Santorini/Santorini
C:/Users/dayna/Documents/Projects/Santorini/Santorini
Using Asset Import Pipeline V2.
Refreshing native plugins compatible for Editor in 39.86 ms, found 0 plugins.
Preloading 0 native plugins for Editor in 0.00 ms.
Initialize engine version: 2020.2.2f1 (068178b99f32)
[Subsystems] Discovering subsystems at path C:/Program Files/Unity/Hub/Editor/2020.2.2f1/Editor/Data/Resources/UnitySubsystems
[Subsystems] Discovering subsystems at path C:/Users/dayna/Documents/Projects/Santorini/Santorini/Assets
GfxDevice: creating device client; threaded=0
Direct3D:
    Version:  Direct3D 11.0 [level 11.1]
    Renderer: NVIDIA GeForce GTX 1060 6GB (ID=0x1c03)
    Vendor:   
    VRAM:     6052 MB
    Driver:   30.0.15.1215
Initialize mono
Mono path[0] = 'C:/Program Files/Unity/Hub/Editor/2020.2.2f1/Editor/Data/Managed'
Mono path[1] = 'C:/Program Files/Unity/Hub/Editor/2020.2.2f1/Editor/Data/MonoBleedingEdge/lib/mono/unityjit'
Mono config path = 'C:/Program Files/Unity/Hub/Editor/2020.2.2f1/Editor/Data/MonoBleedingEdge/etc'
Using monoOptions --debugger-agent=transport=dt_socket,embedding=1,server=y,suspend=n,address=127.0.0.1:56364
Begin MonoManager ReloadAssembly
Registering precompiled unity dll's ...
Register platform support module: C:/Program Files/Unity/Hub/Editor/2020.2.2f1/Editor/Data/PlaybackEngines/WindowsStandaloneSupport/UnityEditor.WindowsStandalone.Extensions.dll
Registered in 0.002240 seconds.
Native extension for WindowsStandalone target not found
Refreshing native plugins compatible for Editor in 34.59 ms, found 0 plugins.
Preloading 0 native plugins for Editor in 0.00 ms.
Invoked RoslynAnalysisRunner static constructor.
RoslynAnalysisRunner will not be running.
RoslynAnalysisRunner has terminated.
Mono: successfully reloaded assembly
- Completed reload, in  0.952 seconds
Platform modules already initialized, skipping
Registering precompiled user dll's ...
Registered in 0.002384 seconds.
Begin MonoManager ReloadAssembly
Native extension for WindowsStandalone target not found
Refreshing native plugins compatible for Editor in 0.36 ms, found 0 plugins.
Preloading 0 native plugins for Editor in 0.00 ms.
Invoked RoslynAnalysisRunner static constructor.
RoslynAnalysisRunner will not be running.
RoslynAnalysisRunner has terminated.
Mono: successfully reloaded assembly
- Completed reload, in  0.810 seconds
Platform modules already initialized, skipping
========================================================================
Worker process is ready to serve import requests
Launched and connected shader compiler UnityShaderCompiler.exe after 0.04 seconds
Refreshing native plugins compatible for Editor in 0.55 ms, found 0 plugins.
Preloading 0 native plugins for Editor in 0.00 ms.
Unloading 1423 Unused Serialized files (Serialized files now loaded: 0)
System memory in use before: 66.4 MB.
System memory in use after: 66.4 MB.

Unloading 33 unused Assets to reduce memory usage. Loaded Objects now: 1852.
Total: 2.706800 ms (FindLiveObjects: 0.230900 ms CreateObjectMapping: 0.087300 ms MarkObjects: 2.311700 ms  DeleteObjects: 0.075400 ms)

========================================================================
Received Import Request.
  path: Assets/Tree.prefab
  artifactKey: Guid(75d4d3b77c2ab374f867cb547c25b204) Importer(815301076,1909f56bfc062723c751e8b465ee728b)
Start importing Assets/Tree.prefab using Guid(75d4d3b77c2ab374f867cb547c25b204) Importer(815301076,1909f56bfc062723c751e8b465ee728b)  -> (artifact id: 'bbf74cb14429e3d3028f16cc54ea52da') in 0.708439 seconds
  Import took 0.710689 seconds .

========================================================================
Received Import Request.
  Time since last request: 33.964341 seconds.
  path: Assets/Scenes
  artifactKey: Guid(84100f6bf73849e4daa2fe9644908716) Importer(815301076,1909f56bfc062723c751e8b465ee728b)
Start importing Assets/Scenes using Guid(84100f6bf73849e4daa2fe9644908716) Importer(815301076,1909f56bfc062723c751e8b465ee728b)  -> (artifact id: 'cf38e758499e86642151811277c48eec') in 0.006081 seconds
  Import took 0.008415 seconds .

========================================================================
Received Import Request.
  Time since last request: 0.005409 seconds.
  path: Assets/Scenes
  artifactKey: Guid(84100f6bf73849e4daa2fe9644908716) Importer(815301076,1909f56bfc062723c751e8b465ee728b)
Start importing Assets/Scenes using Guid(84100f6bf73849e4daa2fe9644908716) Importer(815301076,1909f56bfc062723c751e8b465ee728b)  -> (artifact id: 'cf38e758499e86642151811277c48eec') in 0.002331 seconds
  Import took 0.004680 seconds .

========================================================================
Received Import Request.
  Time since last request: 2.850640 seconds.
  path: Assets/Scenes/MainMenu.unity
  artifactKey: Guid(3e8efcada3cb5de419c40d38dce0c892) Importer(815301076,1909f56bfc062723c751e8b465ee728b)
Start importing Assets/Scenes/MainMenu.unity using Guid(3e8efcada3cb5de419c40d38dce0c892) Importer(815301076,1909f56bfc062723c751e8b465ee728b)  -> (artifact id: '5f661ff1753845a604bc51fdd4691bd3') in 0.007119 seconds
  Import took 0.009390 seconds .

========================================================================
Received Import Request.
  Time since last request: 22.418361 seconds.
  path: Assets/Scenes/Santorini.unity
  artifactKey: Guid(9fc0d4010bbf28b4594072e72b8655ab) Importer(815301076,1909f56bfc062723c751e8b465ee728b)
Start importing Assets/Scenes/Santorini.unity using Guid(9fc0d4010bbf28b4594072e72b8655ab) Importer(815301076,1909f56bfc062723c751e8b465ee728b)  -> (artifact id: '7bce355343f8ca902288c2c3f3718ac2') in 0.009647 seconds
  Import took 0.012099 seconds .

========================================================================
Received Prepare
Registering precompiled user dll's ...
Registered in 0.002193 seconds.
Begin MonoManager ReloadAssembly
Native extension for WindowsStandalone target not found
Refreshing native plugins compatible for Editor in 0.34 ms, found 0 plugins.
Preloading 0 native plugins for Editor in 0.00 ms.
Invoked RoslynAnalysisRunner static constructor.
RoslynAnalysisRunner will not be running.
RoslynAnalysisRunner has terminated.
Mono: successfully reloaded assembly
- Completed reload, in  0.743 seconds
Platform modules already initialized, skipping
Refreshing native plugins compatible for Editor in 0.35 ms, found 0 plugins.
Preloading 0 native plugins for Editor in 0.00 ms.
Unloading 1406 Unused Serialized files (Serialized files now loaded: 0)
System memory in use before: 69.6 MB.
System memory in use after: 69.7 MB.

Unloading 24 unused Assets to reduce memory usage. Loaded Objects now: 1901.
Total: 1.716900 ms (FindLiveObjects: 0.262700 ms CreateObjectMapping: 0.081400 ms MarkObjects: 1.355000 ms  DeleteObjects: 0.016700 ms)

========================================================================
Received Import Request.
  Time since last request: 916.372367 seconds.
  path: Assets/Scripts/Board.cs
  artifactKey: Guid(7261dff43637571409b77c576a8df7e0) Importer(815301076,1909f56bfc062723c751e8b465ee728b)
Start importing Assets/Scripts/Board.cs using Guid(7261dff43637571409b77c576a8df7e0) Importer(815301076,1909f56bfc062723c751e8b465ee728b)  -> (artifact id: '97b9c2422279dc0ef4c2dadf1b1eab74') in 0.018630 seconds
  Import took 0.021231 seconds .

========================================================================
Received Import Request.
  Time since last request: 0.016581 seconds.
  path: Assets/Scripts/Board.cs
  artifactKey: Guid(7261dff43637571409b77c576a8df7e0) Importer(815301076,1909f56bfc062723c751e8b465ee728b)
Start importing Assets/Scripts/Board.cs using Guid(7261dff43637571409b77c576a8df7e0) Importer(815301076,1909f56bfc062723c751e8b465ee728b)  -> (artifact id: '97b9c2422279dc0ef4c2dadf1b1eab74') in 0.002408 seconds
  Import took 0.004633 seconds .

AssetImportWorkerClient::OnTransportError - code=2 error=End of file
